2023-10-10 01:16:40,(2(0)-1696915000:565787),rateGroup2.RgMaxTime,768,104 us
2023-10-10 01:16:40,(2(0)-1696915000:565755),blockDrv.BD_Cycles,256,2
2023-10-10 01:16:39,(2(0)-1696914999:565700),systemResources.CPU_00,18949,1.00 percent
2023-10-10 01:16:39,(2(0)-1696914999:565719),systemResources.CPU_01,18950,0.99 percent
2023-10-10 01:16:39,(2(0)-1696914999:565734),systemResources.CPU_02,18951,1.96 percent
2023-10-10 01:16:39,(2(0)-1696914999:565749),systemResources.CPU_03,18952,1.01 percent
2023-10-10 01:16:39,(2(0)-1696914999:565750),systemResources.CPU,18948,1.24 percent
2023-10-10 01:16:39,(2(0)-1696914999:565754),systemResources.MEMORY_TOTAL,18944,3953428 KB
2023-10-10 01:16:39,(2(0)-1696914999:565754),systemResources.MEMORY_USED,18945,3576036 KB
2023-10-10 01:16:39,(2(0)-1696914999:565759),systemResources.FRAMEWORK_VERSION,18965,v3.3.2
2023-10-10 01:16:39,(2(0)-1696914999:565760),systemResources.PROJECT_VERSION,18966,v3.3.2
2023-10-10 01:16:39,(2(0)-1696914999:565762),rateGroup1.RgMaxTime,512,252 us
2023-10-10 01:16:40,(2(0)-1696915000:565943),systemResources.CPU_00,18949,24.24 percent
2023-10-10 01:16:40,(2(0)-1696915000:565972),systemResources.CPU_01,18950,0.00 percent
2023-10-10 01:16:40,(2(0)-1696915000:565996),systemResources.CPU_02,18951,0.00 percent
2023-10-10 01:16:40,(2(0)-1696915000:566023),systemResources.CPU_03,18952,0.00 percent
2023-10-10 01:16:40,(2(0)-1696915000:566024),systemResources.CPU,18948,6.06 percent
2023-10-10 01:16:40,(2(0)-1696915000:566032),systemResources.MEMORY_TOTAL,18944,3953428 KB
2023-10-10 01:16:40,(2(0)-1696915000:566033),systemResources.MEMORY_USED,18945,3598940 KB
2023-10-10 01:16:40,(2(0)-1696915000:566041),systemResources.FRAMEWORK_VERSION,18965,v3.3.2
2023-10-10 01:16:40,(2(0)-1696915000:566043),systemResources.PROJECT_VERSION,18966,v3.3.2
2023-10-10 01:16:40,(2(0)-1696915000:566046),rateGroup1.RgMaxTime,512,363 us
2023-10-10 01:16:41,(2(0)-1696915001:566008),blockDrv.BD_Cycles,256,3
2023-10-10 01:16:42,(2(0)-1696915002:566261),rateGroup2.RgMaxTime,768,113 us
2023-10-10 01:16:42,(2(0)-1696915002:566232),blockDrv.BD_Cycles,256,4
2023-10-10 01:16:41,(2(0)-1696915001:566086),systemResources.CPU_00,18949,0.00 percent
2023-10-10 01:16:41,(2(0)-1696915001:566104),systemResources.CPU_01,18950,0.00 percent
2023-10-10 01:16:41,(2(0)-1696915001:566118),systemResources.CPU_02,18951,0.00 percent
2023-10-10 01:16:41,(2(0)-1696915001:566131),systemResources.CPU_03,18952,0.99 percent
2023-10-10 01:16:41,(2(0)-1696915001:566131),systemResources.CPU,18948,0.25 percent
2023-10-10 01:16:41,(2(0)-1696915001:566136),systemResources.MEMORY_TOTAL,18944,3953428 KB
2023-10-10 01:16:41,(2(0)-1696915001:566137),systemResources.MEMORY_USED,18945,3599192 KB
2023-10-10 01:16:41,(2(0)-1696915001:566142),systemResources.FRAMEWORK_VERSION,18965,v3.3.2
2023-10-10 01:16:41,(2(0)-1696915001:566143),systemResources.PROJECT_VERSION,18966,v3.3.2
2023-10-10 01:16:42,(2(0)-1696915002:566391),systemResources.CPU_00,18949,4.65 percent
2023-10-10 01:16:42,(2(0)-1696915002:566424),systemResources.CPU_01,18950,0.99 percent
2023-10-10 01:16:42,(2(0)-1696915002:566439),systemResources.CPU_02,18951,8.51 percent
2023-10-10 01:16:42,(2(0)-1696915002:566452),systemResources.CPU_03,18952,2.06 percent
2023-10-10 01:16:42,(2(0)-1696915002:566453),systemResources.CPU,18948,4.05 percent
2023-10-10 01:16:42,(2(0)-1696915002:566459),systemResources.MEMORY_TOTAL,18944,3953428 KB
2023-10-10 01:16:42,(2(0)-1696915002:566460),systemResources.MEMORY_USED,18945,3599924 KB
2023-10-10 01:16:42,(2(0)-1696915002:566467),systemResources.FRAMEWORK_VERSION,18965,v3.3.2
2023-10-10 01:16:42,(2(0)-1696915002:566469),systemResources.PROJECT_VERSION,18966,v3.3.2
2023-10-10 01:16:43,(2(0)-1696915003:566930),blockDrv.BD_Cycles,256,5
2023-10-10 01:16:42,(2(0)-1696915002:566331),rateGroup3.RgMaxTime,1024,185 us
2023-10-10 01:16:44,(2(0)-1696915004:567217),blockDrv.BD_Cycles,256,6
2023-10-10 01:16:43,(2(0)-1696915003:567248),systemResources.CPU_00,18949,5.38 percent
2023-10-10 01:16:43,(2(0)-1696915003:567301),systemResources.CPU_01,18950,10.89 percent
2023-10-10 01:16:43,(2(0)-1696915003:567350),systemResources.CPU_02,18951,27.37 percent
2023-10-10 01:16:43,(2(0)-1696915003:567388),systemResources.CPU_03,18952,5.00 percent
2023-10-10 01:16:43,(2(0)-1696915003:567390),systemResources.CPU,18948,12.16 percent
2023-10-10 01:16:43,(2(0)-1696915003:567398),systemResources.MEMORY_TOTAL,18944,3953428 KB
2023-10-10 01:16:43,(2(0)-1696915003:567398),systemResources.MEMORY_USED,18945,3600932 KB
2023-10-10 01:16:43,(2(0)-1696915003:567407),systemResources.FRAMEWORK_VERSION,18965,v3.3.2
2023-10-10 01:16:43,(2(0)-1696915003:567409),systemResources.PROJECT_VERSION,18966,v3.3.2
2023-10-10 01:16:43,(2(0)-1696915003:567412),rateGroup1.RgMaxTime,512,549 us
2023-10-10 01:16:44,(2(0)-1696915004:567333),systemResources.CPU_00,18949,0.00 percent
2023-10-10 01:16:44,(2(0)-1696915004:567350),systemResources.CPU_01,18950,0.00 percent
2023-10-10 01:16:44,(2(0)-1696915004:567363),systemResources.CPU_02,18951,0.00 percent
2023-10-10 01:16:44,(2(0)-1696915004:567376),systemResources.CPU_03,18952,1.02 percent
2023-10-10 01:16:44,(2(0)-1696915004:567377),systemResources.CPU,18948,0.26 percent
2023-10-10 01:16:44,(2(0)-1696915004:567381),systemResources.MEMORY_TOTAL,18944,3953428 KB
2023-10-10 01:16:44,(2(0)-1696915004:567382),systemResources.MEMORY_USED,18945,3601156 KB
2023-10-10 01:16:44,(2(0)-1696915004:567386),systemResources.FRAMEWORK_VERSION,18965,v3.3.2
2023-10-10 01:16:44,(2(0)-1696915004:567387),systemResources.PROJECT_VERSION,18966,v3.3.2
2023-10-10 01:16:45,(2(0)-1696915005:567413),blockDrv.BD_Cycles,256,7
2023-10-10 01:16:44,(2(0)-1696915004:567253),rateGroup2.RgMaxTime,768,124 us
2023-10-10 01:16:46,(2(0)-1696915006:567619),blockDrv.BD_Cycles,256,8
2023-10-10 01:16:45,(2(0)-1696915005:567560),systemResources.CPU_00,18949,0.00 percent
2023-10-10 01:16:45,(2(0)-1696915005:567578),systemResources.CPU_01,18950,0.99 percent
2023-10-10 01:16:45,(2(0)-1696915005:567594),systemResources.CPU_02,18951,0.00 percent
2023-10-10 01:16:45,(2(0)-1696915005:567606),systemResources.CPU_03,18952,0.00 percent
2023-10-10 01:16:45,(2(0)-1696915005:567607),systemResources.CPU,18948,0.25 percent
2023-10-10 01:16:45,(2(0)-1696915005:567611),systemResources.MEMORY_TOTAL,18944,3953428 KB
2023-10-10 01:16:45,(2(0)-1696915005:567612),systemResources.MEMORY_USED,18945,3601156 KB
2023-10-10 01:16:45,(2(0)-1696915005:567617),systemResources.FRAMEWORK_VERSION,18965,v3.3.2
2023-10-10 01:16:45,(2(0)-1696915005:567618),systemResources.PROJECT_VERSION,18966,v3.3.2
2023-10-10 01:16:46,(2(0)-1696915006:567734),systemResources.CPU_00,18949,0.00 percent
2023-10-10 01:16:46,(2(0)-1696915006:567754),systemResources.CPU_01,18950,0.00 percent
2023-10-10 01:16:46,(2(0)-1696915006:567768),systemResources.CPU_02,18951,0.00 percent
2023-10-10 01:16:46,(2(0)-1696915006:567782),systemResources.CPU_03,18952,0.00 percent
2023-10-10 01:16:46,(2(0)-1696915006:567783),systemResources.CPU,18948,0.00 percent
2023-10-10 01:16:46,(2(0)-1696915006:567788),systemResources.MEMORY_TOTAL,18944,3953428 KB
2023-10-10 01:16:46,(2(0)-1696915006:567789),systemResources.MEMORY_USED,18945,3601156 KB
2023-10-10 01:16:46,(2(0)-1696915006:567796),systemResources.FRAMEWORK_VERSION,18965,v3.3.2
2023-10-10 01:16:46,(2(0)-1696915006:567797),systemResources.PROJECT_VERSION,18966,v3.3.2
2023-10-10 01:16:47,(2(0)-1696915007:567881),blockDrv.BD_Cycles,256,9
2023-10-10 01:16:48,(2(0)-1696915008:568161),blockDrv.BD_Cycles,256,10
2023-10-10 01:16:47,(2(0)-1696915007:568162),systemResources.CPU_00,18949,0.00 percent
2023-10-10 01:16:47,(2(0)-1696915007:568188),systemResources.CPU_01,18950,0.00 percent
2023-10-10 01:16:47,(2(0)-1696915007:568204),systemResources.CPU_02,18951,0.00 percent
2023-10-10 01:16:47,(2(0)-1696915007:568218),systemResources.CPU_03,18952,0.00 percent
2023-10-10 01:16:47,(2(0)-1696915007:568219),systemResources.CPU,18948,0.00 percent
2023-10-10 01:16:47,(2(0)-1696915007:568224),systemResources.MEMORY_TOTAL,18944,3953428 KB
2023-10-10 01:16:47,(2(0)-1696915007:568224),systemResources.MEMORY_USED,18945,3601156 KB
2023-10-10 01:16:47,(2(0)-1696915007:568229),systemResources.FRAMEWORK_VERSION,18965,v3.3.2
2023-10-10 01:16:47,(2(0)-1696915007:568230),systemResources.PROJECT_VERSION,18966,v3.3.2
2023-10-10 01:16:48,(2(0)-1696915008:568291),systemResources.CPU_00,18949,11.70 percent
2023-10-10 01:16:48,(2(0)-1696915008:568308),systemResources.CPU_01,18950,9.09 percent
2023-10-10 01:16:48,(2(0)-1696915008:568322),systemResources.CPU_02,18951,4.30 percent
2023-10-10 01:16:48,(2(0)-1696915008:568421),systemResources.CPU_03,18952,13.00 percent
2023-10-10 01:16:48,(2(0)-1696915008:568422),systemResources.CPU,18948,9.52 percent
2023-10-10 01:16:48,(2(0)-1696915008:568427),systemResources.MEMORY_TOTAL,18944,3953428 KB
2023-10-10 01:16:48,(2(0)-1696915008:568428),systemResources.MEMORY_USED,18945,3602424 KB
2023-10-10 01:16:48,(2(0)-1696915008:568433),systemResources.FRAMEWORK_VERSION,18965,v3.3.2
2023-10-10 01:16:48,(2(0)-1696915008:568435),systemResources.PROJECT_VERSION,18966,v3.3.2
2023-10-10 01:16:49,(2(0)-1696915009:568354),blockDrv.BD_Cycles,256,11
2023-10-10 01:16:48,(2(0)-1696915008:568328),rateGroup2.RgMaxTime,768,218 us
2023-10-10 01:16:50,(2(0)-1696915010:568613),blockDrv.BD_Cycles,256,12
2023-10-10 01:16:49,(2(0)-1696915009:568511),systemResources.CPU_00,18949,21.18 percent
2023-10-10 01:16:49,(2(0)-1696915009:568533),systemResources.CPU_01,18950,22.22 percent
2023-10-10 01:16:49,(2(0)-1696915009:568549),systemResources.CPU_02,18951,22.11 percent
2023-10-10 01:16:49,(2(0)-1696915009:568564),systemResources.CPU_03,18952,22.68 percent
2023-10-10 01:16:49,(2(0)-1696915009:568565),systemResources.CPU,18948,22.05 percent
2023-10-10 01:16:49,(2(0)-1696915009:568569),systemResources.MEMORY_TOTAL,18944,3953428 KB
2023-10-10 01:16:49,(2(0)-1696915009:568570),systemResources.MEMORY_USED,18945,3606388 KB
2023-10-10 01:16:49,(2(0)-1696915009:568575),systemResources.FRAMEWORK_VERSION,18965,v3.3.2
2023-10-10 01:16:49,(2(0)-1696915009:568576),systemResources.PROJECT_VERSION,18966,v3.3.2
2023-10-10 01:16:50,(2(0)-1696915010:568695),systemResources.CPU_00,18949,9.47 percent
2023-10-10 01:16:50,(2(0)-1696915010:568721),systemResources.CPU_01,18950,16.67 percent
2023-10-10 01:16:50,(2(0)-1696915010:568734),systemResources.CPU_02,18951,13.13 percent
2023-10-10 01:16:50,(2(0)-1696915010:568747),systemResources.CPU_03,18952,15.31 percent
2023-10-10 01:16:50,(2(0)-1696915010:568748),systemResources.CPU,18948,13.64 percent
2023-10-10 01:16:50,(2(0)-1696915010:568753),systemResources.MEMORY_TOTAL,18944,3953428 KB
2023-10-10 01:16:50,(2(0)-1696915010:568753),systemResources.MEMORY_USED,18945,3607844 KB
2023-10-10 01:16:50,(2(0)-1696915010:568759),systemResources.FRAMEWORK_VERSION,18965,v3.3.2
2023-10-10 01:16:50,(2(0)-1696915010:568760),systemResources.PROJECT_VERSION,18966,v3.3.2
2023-10-10 01:16:51,(2(0)-1696915011:568784),blockDrv.BD_Cycles,256,13
2023-10-10 01:16:50,(2(0)-1696915010:574069),rateGroup3.RgMaxTime,1024,5560 us
2023-10-10 01:16:52,(2(0)-1696915012:568995),blockDrv.BD_Cycles,256,14
2023-10-10 01:16:51,(2(0)-1696915011:568911),systemResources.CPU_00,18949,7.22 percent
2023-10-10 01:16:51,(2(0)-1696915011:568931),systemResources.CPU_01,18950,12.12 percent
2023-10-10 01:16:51,(2(0)-1696915011:568945),systemResources.CPU_02,18951,4.08 percent
2023-10-10 01:16:51,(2(0)-1696915011:568960),systemResources.CPU_03,18952,3.09 percent
2023-10-10 01:16:51,(2(0)-1696915011:568960),systemResources.CPU,18948,6.63 percent
2023-10-10 01:16:51,(2(0)-1696915011:568965),systemResources.MEMORY_TOTAL,18944,3953428 KB
2023-10-10 01:16:51,(2(0)-1696915011:568965),systemResources.MEMORY_USED,18945,3608600 KB
2023-10-10 01:16:51,(2(0)-1696915011:568970),systemResources.FRAMEWORK_VERSION,18965,v3.3.2
2023-10-10 01:16:51,(2(0)-1696915011:568971),systemResources.PROJECT_VERSION,18966,v3.3.2
2023-10-10 01:16:52,(2(0)-1696915012:569127),systemResources.CPU_00,18949,2.33 percent
2023-10-10 01:16:52,(2(0)-1696915012:569146),systemResources.CPU_01,18950,3.03 percent
2023-10-10 01:16:52,(2(0)-1696915012:569160),systemResources.CPU_02,18951,4.40 percent
2023-10-10 01:16:52,(2(0)-1696915012:569170),systemResources.CPU_03,18952,5.05 percent
2023-10-10 01:16:52,(2(0)-1696915012:569171),systemResources.CPU,18948,3.70 percent
2023-10-10 01:16:52,(2(0)-1696915012:569174),systemResources.MEMORY_TOTAL,18944,3953428 KB
2023-10-10 01:16:52,(2(0)-1696915012:569175),systemResources.MEMORY_USED,18945,3609104 KB
2023-10-10 01:16:52,(2(0)-1696915012:569180),systemResources.FRAMEWORK_VERSION,18965,v3.3.2
2023-10-10 01:16:52,(2(0)-1696915012:569181),systemResources.PROJECT_VERSION,18966,v3.3.2
2023-10-10 01:16:53,(2(0)-1696915013:569552),blockDrv.BD_Cycles,256,15
2023-10-10 01:16:54,(2(0)-1696915014:570032),blockDrv.BD_Cycles,256,16
2023-10-10 01:16:53,(2(0)-1696915013:569766),systemResources.CPU_00,18949,3.00 percent
2023-10-10 01:16:53,(2(0)-1696915013:569794),systemResources.CPU_01,18950,1.01 percent
2023-10-10 01:16:53,(2(0)-1696915013:569814),systemResources.CPU_02,18951,3.16 percent
2023-10-10 01:16:53,(2(0)-1696915013:569833),systemResources.CPU_03,18952,4.12 percent
2023-10-10 01:16:53,(2(0)-1696915013:569834),systemResources.CPU,18948,2.82 percent
2023-10-10 01:16:53,(2(0)-1696915013:569840),systemResources.MEMORY_TOTAL,18944,3953428 KB
2023-10-10 01:16:53,(2(0)-1696915013:569840),systemResources.MEMORY_USED,18945,3609104 KB
2023-10-10 01:16:53,(2(0)-1696915013:569846),systemResources.FRAMEWORK_VERSION,18965,v3.3.2
2023-10-10 01:16:53,(2(0)-1696915013:569847),systemResources.PROJECT_VERSION,18966,v3.3.2
2023-10-10 01:16:54,(2(0)-1696915014:570139),systemResources.CPU_00,18949,4.00 percent
2023-10-10 01:16:54,(2(0)-1696915014:570181),systemResources.CPU_01,18950,1.01 percent
2023-10-10 01:16:54,(2(0)-1696915014:570209),systemResources.CPU_02,18951,2.04 percent
2023-10-10 01:16:54,(2(0)-1696915014:570238),systemResources.CPU_03,18952,4.90 percent
2023-10-10 01:16:54,(2(0)-1696915014:570239),systemResources.CPU,18948,2.99 percent
2023-10-10 01:16:54,(2(0)-1696915014:570247),systemResources.MEMORY_TOTAL,18944,3953428 KB
2023-10-10 01:16:54,(2(0)-1696915014:570247),systemResources.MEMORY_USED,18945,3609104 KB
2023-10-10 01:16:54,(2(0)-1696915014:570256),systemResources.FRAMEWORK_VERSION,18965,v3.3.2
2023-10-10 01:16:54,(2(0)-1696915014:570261),systemResources.PROJECT_VERSION,18966,v3.3.2
2023-10-10 01:16:55,(2(0)-1696915015:570203),blockDrv.BD_Cycles,256,17
2023-10-10 01:16:56,(2(0)-1696915016:570399),blockDrv.BD_Cycles,256,18
2023-10-10 01:16:55,(2(0)-1696915015:570357),systemResources.CPU_00,18949,2.97 percent
2023-10-10 01:16:55,(2(0)-1696915015:570379),systemResources.CPU_01,18950,3.00 percent
2023-10-10 01:16:55,(2(0)-1696915015:570391),systemResources.CPU_02,18951,2.02 percent
2023-10-10 01:16:55,(2(0)-1696915015:570399),systemResources.CPU_03,18952,2.02 percent
2023-10-10 01:16:55,(2(0)-1696915015:570400),systemResources.CPU,18948,2.50 percent
2023-10-10 01:16:55,(2(0)-1696915015:570404),systemResources.MEMORY_TOTAL,18944,3953428 KB
2023-10-10 01:16:55,(2(0)-1696915015:570405),systemResources.MEMORY_USED,18945,3609356 KB
2023-10-10 01:16:55,(2(0)-1696915015:570410),systemResources.FRAMEWORK_VERSION,18965,v3.3.2
2023-10-10 01:16:55,(2(0)-1696915015:570411),systemResources.PROJECT_VERSION,18966,v3.3.2
2023-10-10 01:16:56,(2(0)-1696915016:570524),systemResources.CPU_00,18949,3.00 percent
2023-10-10 01:16:56,(2(0)-1696915016:570551),systemResources.CPU_01,18950,2.00 percent
2023-10-10 01:16:56,(2(0)-1696915016:570565),systemResources.CPU_02,18951,1.01 percent
2023-10-10 01:16:56,(2(0)-1696915016:570578),systemResources.CPU_03,18952,1.00 percent
2023-10-10 01:16:56,(2(0)-1696915016:570579),systemResources.CPU,18948,1.75 percent
2023-10-10 01:16:56,(2(0)-1696915016:570584),systemResources.MEMORY_TOTAL,18944,3953428 KB
2023-10-10 01:16:56,(2(0)-1696915016:570585),systemResources.MEMORY_USED,18945,3609608 KB
2023-10-10 01:16:56,(2(0)-1696915016:570591),systemResources.FRAMEWORK_VERSION,18965,v3.3.2
2023-10-10 01:16:56,(2(0)-1696915016:570593),systemResources.PROJECT_VERSION,18966,v3.3.2
2023-10-10 01:16:57,(2(0)-1696915017:570594),blockDrv.BD_Cycles,256,19
2023-10-10 01:16:58,(2(0)-1696915018:570870),blockDrv.BD_Cycles,256,20
2023-10-10 01:16:57,(2(0)-1696915017:570765),systemResources.CPU_00,18949,1.04 percent
2023-10-10 01:16:57,(2(0)-1696915017:570785),systemResources.CPU_01,18950,0.00 percent
2023-10-10 01:16:57,(2(0)-1696915017:570800),systemResources.CPU_02,18951,0.99 percent
2023-10-10 01:16:57,(2(0)-1696915017:570809),systemResources.CPU_03,18952,0.99 percent
2023-10-10 01:16:57,(2(0)-1696915017:570809),systemResources.CPU,18948,0.76 percent
2023-10-10 01:16:57,(2(0)-1696915017:570813),systemResources.MEMORY_TOTAL,18944,3953428 KB
2023-10-10 01:16:57,(2(0)-1696915017:570813),systemResources.MEMORY_USED,18945,3613704 KB
2023-10-10 01:16:57,(2(0)-1696915017:570818),systemResources.FRAMEWORK_VERSION,18965,v3.3.2
2023-10-10 01:16:57,(2(0)-1696915017:570819),systemResources.PROJECT_VERSION,18966,v3.3.2
2023-10-10 01:16:58,(2(0)-1696915018:570948),systemResources.CPU_00,18949,1.03 percent
2023-10-10 01:16:58,(2(0)-1696915018:570965),systemResources.CPU_01,18950,0.00 percent
2023-10-10 01:16:58,(2(0)-1696915018:570978),systemResources.CPU_02,18951,0.00 percent
2023-10-10 01:16:58,(2(0)-1696915018:570990),systemResources.CPU_03,18952,0.00 percent
2023-10-10 01:16:58,(2(0)-1696915018:570991),systemResources.CPU,18948,0.26 percent
2023-10-10 01:16:58,(2(0)-1696915018:570996),systemResources.MEMORY_TOTAL,18944,3953428 KB
2023-10-10 01:16:58,(2(0)-1696915018:570996),systemResources.MEMORY_USED,18945,3613704 KB
2023-10-10 01:16:58,(2(0)-1696915018:571003),systemResources.FRAMEWORK_VERSION,18965,v3.3.2
2023-10-10 01:16:58,(2(0)-1696915018:571005),systemResources.PROJECT_VERSION,18966,v3.3.2
2023-10-10 01:16:59,(2(0)-1696915019:571040),blockDrv.BD_Cycles,256,21
2023-10-10 01:17:00,(2(0)-1696915020:571267),blockDrv.BD_Cycles,256,22
2023-10-10 01:16:59,(2(0)-1696915019:571217),systemResources.CPU_00,18949,0.00 percent
2023-10-10 01:16:59,(2(0)-1696915019:571235),systemResources.CPU_01,18950,1.00 percent
2023-10-10 01:16:59,(2(0)-1696915019:571250),systemResources.CPU_02,18951,0.00 percent
2023-10-10 01:16:59,(2(0)-1696915019:571264),systemResources.CPU_03,18952,0.00 percent
2023-10-10 01:16:59,(2(0)-1696915019:571264),systemResources.CPU,18948,0.25 percent
2023-10-10 01:16:59,(2(0)-1696915019:571269),systemResources.MEMORY_TOTAL,18944,3953428 KB
2023-10-10 01:16:59,(2(0)-1696915019:571270),systemResources.MEMORY_USED,18945,3614376 KB
2023-10-10 01:16:59,(2(0)-1696915019:571274),systemResources.FRAMEWORK_VERSION,18965,v3.3.2
2023-10-10 01:16:59,(2(0)-1696915019:571276),systemResources.PROJECT_VERSION,18966,v3.3.2
