2023-10-09 23:46:42,(2(0)-1696909602:960620),rateGroup2.RgMaxTime,768,128 us
2023-10-09 23:46:42,(2(0)-1696909602:960579),blockDrv.BD_Cycles,256,2
2023-10-09 23:46:41,(2(0)-1696909601:960482),systemResources.CPU_00,18949,1.03 percent
2023-10-09 23:46:41,(2(0)-1696909601:960501),systemResources.CPU_01,18950,0.99 percent
2023-10-09 23:46:41,(2(0)-1696909601:960515),systemResources.CPU_02,18951,0.00 percent
2023-10-09 23:46:41,(2(0)-1696909601:960529),systemResources.CPU_03,18952,0.00 percent
2023-10-09 23:46:41,(2(0)-1696909601:960530),systemResources.CPU,18948,0.51 percent
2023-10-09 23:46:41,(2(0)-1696909601:960535),systemResources.MEMORY_TOTAL,18944,3953428 KB
2023-10-09 23:46:41,(2(0)-1696909601:960536),systemResources.MEMORY_USED,18945,2772064 KB
2023-10-09 23:46:41,(2(0)-1696909601:960541),systemResources.FRAMEWORK_VERSION,18965,v3.3.0
2023-10-09 23:46:41,(2(0)-1696909601:960542),systemResources.PROJECT_VERSION,18966,v3.3.0
2023-10-09 23:46:41,(2(0)-1696909601:960544),rateGroup1.RgMaxTime,512,235 us
2023-10-09 23:46:43,(2(0)-1696909603:960721),blockDrv.BD_Cycles,256,3
2023-10-09 23:46:42,(2(0)-1696909602:960693),systemResources.CPU_00,18949,0.99 percent
2023-10-09 23:46:42,(2(0)-1696909602:960731),systemResources.CPU_01,18950,0.00 percent
2023-10-09 23:46:42,(2(0)-1696909602:960750),systemResources.CPU_02,18951,0.99 percent
2023-10-09 23:46:42,(2(0)-1696909602:960764),systemResources.CPU_03,18952,22.45 percent
2023-10-09 23:46:42,(2(0)-1696909602:960765),systemResources.CPU,18948,6.11 percent
2023-10-09 23:46:42,(2(0)-1696909602:960770),systemResources.MEMORY_TOTAL,18944,3953428 KB
2023-10-09 23:46:42,(2(0)-1696909602:960770),systemResources.MEMORY_USED,18945,2789676 KB
2023-10-09 23:46:42,(2(0)-1696909602:960776),systemResources.FRAMEWORK_VERSION,18965,v3.3.0
2023-10-09 23:46:42,(2(0)-1696909602:960777),systemResources.PROJECT_VERSION,18966,v3.3.0
2023-10-09 23:46:42,(2(0)-1696909602:960778),rateGroup1.RgMaxTime,512,287 us
2023-10-09 23:46:44,(2(0)-1696909604:960883),blockDrv.BD_Cycles,256,4
2023-10-09 23:46:43,(2(0)-1696909603:960883),systemResources.CPU_00,18949,0.00 percent
2023-10-09 23:46:43,(2(0)-1696909603:960905),systemResources.CPU_01,18950,0.00 percent
2023-10-09 23:46:43,(2(0)-1696909603:960922),systemResources.CPU_02,18951,0.00 percent
2023-10-09 23:46:43,(2(0)-1696909603:960936),systemResources.CPU_03,18952,0.00 percent
2023-10-09 23:46:43,(2(0)-1696909603:960937),systemResources.CPU,18948,0.00 percent
2023-10-09 23:46:43,(2(0)-1696909603:960942),systemResources.MEMORY_TOTAL,18944,3953428 KB
2023-10-09 23:46:43,(2(0)-1696909603:960943),systemResources.MEMORY_USED,18945,2789676 KB
2023-10-09 23:46:43,(2(0)-1696909603:960948),systemResources.FRAMEWORK_VERSION,18965,v3.3.0
2023-10-09 23:46:43,(2(0)-1696909603:960949),systemResources.PROJECT_VERSION,18966,v3.3.0
2023-10-09 23:46:45,(2(0)-1696909605:961061),blockDrv.BD_Cycles,256,5
2023-10-09 23:46:44,(2(0)-1696909604:960963),systemResources.CPU_00,18949,0.00 percent
2023-10-09 23:46:44,(2(0)-1696909604:960981),systemResources.CPU_01,18950,0.00 percent
2023-10-09 23:46:44,(2(0)-1696909604:960996),systemResources.CPU_02,18951,0.00 percent
2023-10-09 23:46:44,(2(0)-1696909604:961010),systemResources.CPU_03,18952,16.49 percent
2023-10-09 23:46:44,(2(0)-1696909604:961010),systemResources.CPU,18948,4.12 percent
2023-10-09 23:46:44,(2(0)-1696909604:961017),systemResources.MEMORY_TOTAL,18944,3953428 KB
2023-10-09 23:46:44,(2(0)-1696909604:961017),systemResources.MEMORY_USED,18945,2790156 KB
2023-10-09 23:46:44,(2(0)-1696909604:961032),systemResources.FRAMEWORK_VERSION,18965,v3.3.0
2023-10-09 23:46:44,(2(0)-1696909604:961034),systemResources.PROJECT_VERSION,18966,v3.3.0
2023-10-09 23:46:44,(2(0)-1696909604:960952),rateGroup3.RgMaxTime,1024,139 us
2023-10-09 23:46:46,(2(0)-1696909606:961729),blockDrv.BD_Cycles,256,6
2023-10-09 23:46:45,(2(0)-1696909605:961184),systemResources.CPU_00,18949,12.79 percent
2023-10-09 23:46:45,(2(0)-1696909605:961206),systemResources.CPU_01,18950,0.00 percent
2023-10-09 23:46:45,(2(0)-1696909605:961221),systemResources.CPU_02,18951,3.12 percent
2023-10-09 23:46:45,(2(0)-1696909605:961236),systemResources.CPU_03,18952,7.37 percent
2023-10-09 23:46:45,(2(0)-1696909605:961237),systemResources.CPU,18948,5.82 percent
2023-10-09 23:46:45,(2(0)-1696909605:961241),systemResources.MEMORY_TOTAL,18944,3953428 KB
2023-10-09 23:46:45,(2(0)-1696909605:961242),systemResources.MEMORY_USED,18945,2796672 KB
2023-10-09 23:46:45,(2(0)-1696909605:961247),systemResources.FRAMEWORK_VERSION,18965,v3.3.0
2023-10-09 23:46:45,(2(0)-1696909605:961249),systemResources.PROJECT_VERSION,18966,v3.3.0
2023-10-09 23:46:47,(2(0)-1696909607:961998),blockDrv.BD_Cycles,256,7
2023-10-09 23:46:46,(2(0)-1696909606:961883),systemResources.CPU_00,18949,0.99 percent
2023-10-09 23:46:46,(2(0)-1696909606:961930),systemResources.CPU_01,18950,0.00 percent
2023-10-09 23:46:46,(2(0)-1696909606:961969),systemResources.CPU_02,18951,0.00 percent
2023-10-09 23:46:46,(2(0)-1696909606:962005),systemResources.CPU_03,18952,0.00 percent
2023-10-09 23:46:46,(2(0)-1696909606:962007),systemResources.CPU,18948,0.25 percent
2023-10-09 23:46:46,(2(0)-1696909606:962013),systemResources.MEMORY_TOTAL,18944,3953428 KB
2023-10-09 23:46:46,(2(0)-1696909606:962014),systemResources.MEMORY_USED,18945,2796672 KB
2023-10-09 23:46:46,(2(0)-1696909606:962020),systemResources.FRAMEWORK_VERSION,18965,v3.3.0
2023-10-09 23:46:46,(2(0)-1696909606:962021),systemResources.PROJECT_VERSION,18966,v3.3.0
2023-10-09 23:46:46,(2(0)-1696909606:962024),rateGroup1.RgMaxTime,512,424 us
2023-10-09 23:46:46,(2(0)-1696909606:961804),rateGroup2.RgMaxTime,768,202 us
2023-10-09 23:46:48,(2(0)-1696909608:963550),rateGroup2.RgMaxTime,768,367 us
2023-10-09 23:46:48,(2(0)-1696909608:963557),rateGroup3.RgMaxTime,1024,374 us
2023-10-09 23:46:48,(2(0)-1696909608:963311),blockDrv.BD_Cycles,256,8
2023-10-09 23:46:48,(2(0)-1696909608:963456),systemResources.CPU_00,18949,8.99 percent
2023-10-09 23:46:48,(2(0)-1696909608:963483),systemResources.CPU_01,18950,12.75 percent
2023-10-09 23:46:48,(2(0)-1696909608:963501),systemResources.CPU_02,18951,8.25 percent
2023-10-09 23:46:48,(2(0)-1696909608:963516),systemResources.CPU_03,18952,12.50 percent
2023-10-09 23:46:48,(2(0)-1696909608:963517),systemResources.CPU,18948,10.62 percent
2023-10-09 23:46:48,(2(0)-1696909608:963525),systemResources.MEMORY_TOTAL,18944,3953428 KB
2023-10-09 23:46:48,(2(0)-1696909608:963526),systemResources.MEMORY_USED,18945,2799956 KB
2023-10-09 23:46:48,(2(0)-1696909608:963535),systemResources.FRAMEWORK_VERSION,18965,v3.3.0
2023-10-09 23:46:48,(2(0)-1696909608:963537),systemResources.PROJECT_VERSION,18966,v3.3.0
2023-10-09 23:46:47,(2(0)-1696909607:962383),rateGroup1.RgMaxTime,512,470 us
2023-10-09 23:46:49,(2(0)-1696909609:963489),blockDrv.BD_Cycles,256,9
2023-10-09 23:46:50,(2(0)-1696909610:963664),blockDrv.BD_Cycles,256,10
2023-10-09 23:46:49,(2(0)-1696909609:963667),systemResources.CPU_00,18949,25.93 percent
2023-10-09 23:46:49,(2(0)-1696909609:963685),systemResources.CPU_01,18950,19.39 percent
2023-10-09 23:46:49,(2(0)-1696909609:963698),systemResources.CPU_02,18951,15.62 percent
2023-10-09 23:46:49,(2(0)-1696909609:963713),systemResources.CPU_03,18952,18.75 percent
2023-10-09 23:46:49,(2(0)-1696909609:963713),systemResources.CPU,18948,19.92 percent
2023-10-09 23:46:49,(2(0)-1696909609:963718),systemResources.MEMORY_TOTAL,18944,3953428 KB
2023-10-09 23:46:49,(2(0)-1696909609:963719),systemResources.MEMORY_USED,18945,2804932 KB
2023-10-09 23:46:49,(2(0)-1696909609:963724),systemResources.FRAMEWORK_VERSION,18965,v3.3.0
2023-10-09 23:46:49,(2(0)-1696909609:963725),systemResources.PROJECT_VERSION,18966,v3.3.0
2023-10-09 23:46:51,(2(0)-1696909611:963830),blockDrv.BD_Cycles,256,11
2023-10-09 23:46:50,(2(0)-1696909610:963774),systemResources.CPU_00,18949,1.05 percent
2023-10-09 23:46:50,(2(0)-1696909610:963792),systemResources.CPU_01,18950,4.08 percent
2023-10-09 23:46:50,(2(0)-1696909610:963807),systemResources.CPU_02,18951,7.14 percent
2023-10-09 23:46:50,(2(0)-1696909610:963821),systemResources.CPU_03,18952,5.21 percent
2023-10-09 23:46:50,(2(0)-1696909610:963822),systemResources.CPU,18948,4.37 percent
2023-10-09 23:46:50,(2(0)-1696909610:963827),systemResources.MEMORY_TOTAL,18944,3953428 KB
2023-10-09 23:46:50,(2(0)-1696909610:963827),systemResources.MEMORY_USED,18945,2806192 KB
2023-10-09 23:46:50,(2(0)-1696909610:963833),systemResources.FRAMEWORK_VERSION,18965,v3.3.0
2023-10-09 23:46:50,(2(0)-1696909610:963834),systemResources.PROJECT_VERSION,18966,v3.3.0
2023-10-09 23:46:52,(2(0)-1696909612:964512),blockDrv.BD_Cycles,256,12
2023-10-09 23:46:51,(2(0)-1696909611:964002),systemResources.CPU_00,18949,1.02 percent
2023-10-09 23:46:51,(2(0)-1696909611:964022),systemResources.CPU_01,18950,3.03 percent
2023-10-09 23:46:51,(2(0)-1696909611:964035),systemResources.CPU_02,18951,2.00 percent
2023-10-09 23:46:51,(2(0)-1696909611:964049),systemResources.CPU_03,18952,3.00 percent
2023-10-09 23:46:51,(2(0)-1696909611:964049),systemResources.CPU,18948,2.26 percent
2023-10-09 23:46:51,(2(0)-1696909611:964055),systemResources.MEMORY_TOTAL,18944,3953428 KB
2023-10-09 23:46:51,(2(0)-1696909611:964056),systemResources.MEMORY_USED,18945,2807180 KB
2023-10-09 23:46:51,(2(0)-1696909611:964062),systemResources.FRAMEWORK_VERSION,18965,v3.3.0
2023-10-09 23:46:51,(2(0)-1696909611:964063),systemResources.PROJECT_VERSION,18966,v3.3.0
2023-10-09 23:46:53,(2(0)-1696909613:964732),blockDrv.BD_Cycles,256,13
2023-10-09 23:46:52,(2(0)-1696909612:964623),systemResources.CPU_00,18949,0.00 percent
2023-10-09 23:46:52,(2(0)-1696909612:964658),systemResources.CPU_01,18950,2.02 percent
2023-10-09 23:46:52,(2(0)-1696909612:964689),systemResources.CPU_02,18951,2.00 percent
2023-10-09 23:46:52,(2(0)-1696909612:964718),systemResources.CPU_03,18952,2.02 percent
2023-10-09 23:46:52,(2(0)-1696909612:964720),systemResources.CPU,18948,1.51 percent
2023-10-09 23:46:52,(2(0)-1696909612:964733),systemResources.MEMORY_TOTAL,18944,3953428 KB
2023-10-09 23:46:52,(2(0)-1696909612:964735),systemResources.MEMORY_USED,18945,2807172 KB
2023-10-09 23:46:52,(2(0)-1696909612:964751),systemResources.FRAMEWORK_VERSION,18965,v3.3.0
2023-10-09 23:46:52,(2(0)-1696909612:964753),systemResources.PROJECT_VERSION,18966,v3.3.0
2023-10-09 23:46:54,(2(0)-1696909614:964943),blockDrv.BD_Cycles,256,14
2023-10-09 23:46:53,(2(0)-1696909613:965021),systemResources.CPU_00,18949,0.00 percent
2023-10-09 23:46:53,(2(0)-1696909613:965075),systemResources.CPU_01,18950,2.97 percent
2023-10-09 23:46:53,(2(0)-1696909613:965108),systemResources.CPU_02,18951,1.01 percent
2023-10-09 23:46:53,(2(0)-1696909613:965147),systemResources.CPU_03,18952,2.94 percent
2023-10-09 23:46:53,(2(0)-1696909613:965150),systemResources.CPU,18948,1.73 percent
2023-10-09 23:46:53,(2(0)-1696909613:965158),systemResources.MEMORY_TOTAL,18944,3953428 KB
2023-10-09 23:46:53,(2(0)-1696909613:965159),systemResources.MEMORY_USED,18945,2807424 KB
2023-10-09 23:46:53,(2(0)-1696909613:965168),systemResources.FRAMEWORK_VERSION,18965,v3.3.0
2023-10-09 23:46:53,(2(0)-1696909613:965170),systemResources.PROJECT_VERSION,18966,v3.3.0
2023-10-09 23:46:53,(2(0)-1696909613:965173),rateGroup1.RgMaxTime,512,507 us
2023-10-09 23:46:55,(2(0)-1696909615:965066),blockDrv.BD_Cycles,256,15
2023-10-09 23:46:54,(2(0)-1696909614:965110),systemResources.CPU_00,18949,2.97 percent
2023-10-09 23:46:54,(2(0)-1696909614:965129),systemResources.CPU_01,18950,1.00 percent
2023-10-09 23:46:54,(2(0)-1696909614:965142),systemResources.CPU_02,18951,1.02 percent
2023-10-09 23:46:54,(2(0)-1696909614:965155),systemResources.CPU_03,18952,2.00 percent
2023-10-09 23:46:54,(2(0)-1696909614:965156),systemResources.CPU,18948,1.75 percent
2023-10-09 23:46:54,(2(0)-1696909614:965162),systemResources.MEMORY_TOTAL,18944,3953428 KB
2023-10-09 23:46:54,(2(0)-1696909614:965162),systemResources.MEMORY_USED,18945,2807676 KB
2023-10-09 23:46:54,(2(0)-1696909614:965168),systemResources.FRAMEWORK_VERSION,18965,v3.3.0
2023-10-09 23:46:54,(2(0)-1696909614:965169),systemResources.PROJECT_VERSION,18966,v3.3.0
2023-10-09 23:46:56,(2(0)-1696909616:965383),blockDrv.BD_Cycles,256,16
2023-10-09 23:46:55,(2(0)-1696909615:965192),systemResources.CPU_00,18949,0.00 percent
2023-10-09 23:46:55,(2(0)-1696909615:965211),systemResources.CPU_01,18950,2.08 percent
2023-10-09 23:46:55,(2(0)-1696909615:965224),systemResources.CPU_02,18951,3.00 percent
2023-10-09 23:46:55,(2(0)-1696909615:965236),systemResources.CPU_03,18952,1.01 percent
2023-10-09 23:46:55,(2(0)-1696909615:965236),systemResources.CPU,18948,1.52 percent
2023-10-09 23:46:55,(2(0)-1696909615:965241),systemResources.MEMORY_TOTAL,18944,3953428 KB
2023-10-09 23:46:55,(2(0)-1696909615:965241),systemResources.MEMORY_USED,18945,2808376 KB
2023-10-09 23:46:55,(2(0)-1696909615:965246),systemResources.FRAMEWORK_VERSION,18965,v3.3.0
2023-10-09 23:46:55,(2(0)-1696909615:965248),systemResources.PROJECT_VERSION,18966,v3.3.0
2023-10-09 23:46:57,(2(0)-1696909617:965652),blockDrv.BD_Cycles,256,17
2023-10-09 23:46:56,(2(0)-1696909616:965611),systemResources.CPU_00,18949,2.97 percent
2023-10-09 23:46:56,(2(0)-1696909616:965658),systemResources.CPU_01,18950,1.00 percent
2023-10-09 23:46:56,(2(0)-1696909616:965690),systemResources.CPU_02,18951,2.94 percent
2023-10-09 23:46:56,(2(0)-1696909616:965724),systemResources.CPU_03,18952,2.00 percent
2023-10-09 23:46:56,(2(0)-1696909616:965725),systemResources.CPU,18948,2.23 percent
2023-10-09 23:46:56,(2(0)-1696909616:965731),systemResources.MEMORY_TOTAL,18944,3953428 KB
2023-10-09 23:46:56,(2(0)-1696909616:965731),systemResources.MEMORY_USED,18945,2808376 KB
2023-10-09 23:46:56,(2(0)-1696909616:965738),systemResources.FRAMEWORK_VERSION,18965,v3.3.0
2023-10-09 23:46:56,(2(0)-1696909616:965740),systemResources.PROJECT_VERSION,18966,v3.3.0
2023-10-09 23:46:58,(2(0)-1696909618:965843),blockDrv.BD_Cycles,256,18
2023-10-09 23:46:57,(2(0)-1696909617:965814),systemResources.CPU_00,18949,1.01 percent
2023-10-09 23:46:57,(2(0)-1696909617:965832),systemResources.CPU_01,18950,1.02 percent
2023-10-09 23:46:57,(2(0)-1696909617:965848),systemResources.CPU_02,18951,0.00 percent
2023-10-09 23:46:57,(2(0)-1696909617:965861),systemResources.CPU_03,18952,0.00 percent
2023-10-09 23:46:57,(2(0)-1696909617:965862),systemResources.CPU,18948,0.51 percent
2023-10-09 23:46:57,(2(0)-1696909617:965867),systemResources.MEMORY_TOTAL,18944,3953428 KB
2023-10-09 23:46:57,(2(0)-1696909617:965867),systemResources.MEMORY_USED,18945,2808880 KB
2023-10-09 23:46:57,(2(0)-1696909617:965871),systemResources.FRAMEWORK_VERSION,18965,v3.3.0
2023-10-09 23:46:57,(2(0)-1696909617:965872),systemResources.PROJECT_VERSION,18966,v3.3.0
2023-10-09 23:46:59,(2(0)-1696909619:966021),blockDrv.BD_Cycles,256,19
2023-10-09 23:46:58,(2(0)-1696909618:965952),systemResources.CPU_00,18949,2.97 percent
2023-10-09 23:46:58,(2(0)-1696909618:965972),systemResources.CPU_01,18950,1.00 percent
2023-10-09 23:46:58,(2(0)-1696909618:965987),systemResources.CPU_02,18951,1.98 percent
2023-10-09 23:46:58,(2(0)-1696909618:966001),systemResources.CPU_03,18952,1.00 percent
2023-10-09 23:46:58,(2(0)-1696909618:966002),systemResources.CPU,18948,1.74 percent
2023-10-09 23:46:58,(2(0)-1696909618:966006),systemResources.MEMORY_TOTAL,18944,3953428 KB
2023-10-09 23:46:58,(2(0)-1696909618:966007),systemResources.MEMORY_USED,18945,2808880 KB
2023-10-09 23:46:58,(2(0)-1696909618:966012),systemResources.FRAMEWORK_VERSION,18965,v3.3.0
2023-10-09 23:46:58,(2(0)-1696909618:966013),systemResources.PROJECT_VERSION,18966,v3.3.0
2023-10-09 23:47:00,(2(0)-1696909620:966284),blockDrv.BD_Cycles,256,20
2023-10-09 23:46:59,(2(0)-1696909619:966189),systemResources.CPU_00,18949,2.02 percent
2023-10-09 23:46:59,(2(0)-1696909619:966207),systemResources.CPU_01,18950,1.01 percent
2023-10-09 23:46:59,(2(0)-1696909619:966220),systemResources.CPU_02,18951,0.00 percent
2023-10-09 23:46:59,(2(0)-1696909619:966233),systemResources.CPU_03,18952,1.01 percent
2023-10-09 23:46:59,(2(0)-1696909619:966234),systemResources.CPU,18948,1.01 percent
2023-10-09 23:46:59,(2(0)-1696909619:966239),systemResources.MEMORY_TOTAL,18944,3953428 KB
2023-10-09 23:46:59,(2(0)-1696909619:966239),systemResources.MEMORY_USED,18945,2808880 KB
2023-10-09 23:46:59,(2(0)-1696909619:966245),systemResources.FRAMEWORK_VERSION,18965,v3.3.0
2023-10-09 23:46:59,(2(0)-1696909619:966246),systemResources.PROJECT_VERSION,18966,v3.3.0
2023-10-09 23:47:01,(2(0)-1696909621:966426),blockDrv.BD_Cycles,256,21
2023-10-09 23:47:00,(2(0)-1696909620:966354),systemResources.CPU_00,18949,0.00 percent
2023-10-09 23:47:00,(2(0)-1696909620:966374),systemResources.CPU_01,18950,0.99 percent
2023-10-09 23:47:00,(2(0)-1696909620:966385),systemResources.CPU_02,18951,1.00 percent
2023-10-09 23:47:00,(2(0)-1696909620:966394),systemResources.CPU_03,18952,0.00 percent
2023-10-09 23:47:00,(2(0)-1696909620:966394),systemResources.CPU,18948,0.50 percent
2023-10-09 23:47:00,(2(0)-1696909620:966399),systemResources.MEMORY_TOTAL,18944,3953428 KB
2023-10-09 23:47:00,(2(0)-1696909620:966400),systemResources.MEMORY_USED,18945,2808880 KB
2023-10-09 23:47:00,(2(0)-1696909620:966404),systemResources.FRAMEWORK_VERSION,18965,v3.3.0
2023-10-09 23:47:00,(2(0)-1696909620:966404),systemResources.PROJECT_VERSION,18966,v3.3.0
2023-10-09 23:47:02,(2(0)-1696909622:966654),blockDrv.BD_Cycles,256,22
2023-10-09 23:47:01,(2(0)-1696909621:966604),systemResources.CPU_00,18949,0.00 percent
2023-10-09 23:47:01,(2(0)-1696909621:966621),systemResources.CPU_01,18950,1.00 percent
2023-10-09 23:47:01,(2(0)-1696909621:966634),systemResources.CPU_02,18951,0.00 percent
2023-10-09 23:47:01,(2(0)-1696909621:966647),systemResources.CPU_03,18952,0.00 percent
2023-10-09 23:47:01,(2(0)-1696909621:966648),systemResources.CPU,18948,0.25 percent
2023-10-09 23:47:01,(2(0)-1696909621:966652),systemResources.MEMORY_TOTAL,18944,3953428 KB
2023-10-09 23:47:01,(2(0)-1696909621:966653),systemResources.MEMORY_USED,18945,2808880 KB
2023-10-09 23:47:01,(2(0)-1696909621:966658),systemResources.FRAMEWORK_VERSION,18965,v3.3.0
2023-10-09 23:47:01,(2(0)-1696909621:966660),systemResources.PROJECT_VERSION,18966,v3.3.0
2023-10-09 23:47:03,(2(0)-1696909623:966852),blockDrv.BD_Cycles,256,23
2023-10-09 23:47:02,(2(0)-1696909622:966772),systemResources.CPU_00,18949,2.02 percent
2023-10-09 23:47:02,(2(0)-1696909622:966789),systemResources.CPU_01,18950,2.00 percent
2023-10-09 23:47:02,(2(0)-1696909622:966803),systemResources.CPU_02,18951,2.02 percent
2023-10-09 23:47:02,(2(0)-1696909622:966815),systemResources.CPU_03,18952,2.02 percent
2023-10-09 23:47:02,(2(0)-1696909622:966815),systemResources.CPU,18948,2.02 percent
2023-10-09 23:47:02,(2(0)-1696909622:966820),systemResources.MEMORY_TOTAL,18944,3953428 KB
2023-10-09 23:47:02,(2(0)-1696909622:966821),systemResources.MEMORY_USED,18945,2809384 KB
2023-10-09 23:47:02,(2(0)-1696909622:966826),systemResources.FRAMEWORK_VERSION,18965,v3.3.0
2023-10-09 23:47:02,(2(0)-1696909622:966827),systemResources.PROJECT_VERSION,18966,v3.3.0
2023-10-09 23:47:04,(2(0)-1696909624:967087),blockDrv.BD_Cycles,256,24
2023-10-09 23:47:03,(2(0)-1696909623:967039),systemResources.CPU_00,18949,0.00 percent
2023-10-09 23:47:03,(2(0)-1696909623:967054),systemResources.CPU_01,18950,0.00 percent
2023-10-09 23:47:03,(2(0)-1696909623:967069),systemResources.CPU_02,18951,1.00 percent
2023-10-09 23:47:03,(2(0)-1696909623:967083),systemResources.CPU_03,18952,0.00 percent
2023-10-09 23:47:03,(2(0)-1696909623:967084),systemResources.CPU,18948,0.25 percent
2023-10-09 23:47:03,(2(0)-1696909623:967093),systemResources.MEMORY_TOTAL,18944,3953428 KB
2023-10-09 23:47:03,(2(0)-1696909623:967094),systemResources.MEMORY_USED,18945,2809384 KB
2023-10-09 23:47:03,(2(0)-1696909623:967098),systemResources.FRAMEWORK_VERSION,18965,v3.3.0
2023-10-09 23:47:03,(2(0)-1696909623:967100),systemResources.PROJECT_VERSION,18966,v3.3.0
